<?xml version="1.0" encoding="UTF-8"?>

<mule xmlns:wd-hr="http://www.mulesoft.org/schema/mule/wd-hr" xmlns:data-mapper="http://www.mulesoft.org/schema/mule/ee/data-mapper" xmlns:wd-staffing="http://www.mulesoft.org/schema/mule/wd-staffing" xmlns:db="http://www.mulesoft.org/schema/mule/db"
	xmlns:sfdc="http://www.mulesoft.org/schema/mule/sfdc"
	xmlns:json="http://www.mulesoft.org/schema/mule/json" xmlns="http://www.mulesoft.org/schema/mule/core"
	xmlns:doc="http://www.mulesoft.org/schema/mule/documentation"
	xmlns:spring="http://www.springframework.org/schema/beans" version="EE-3.5.1"
	xmlns:xsi="http://www.w3.org/2001/XMLSchema-instance"
	xsi:schemaLocation="http://www.mulesoft.org/schema/mule/db http://www.mulesoft.org/schema/mule/db/current/mule-db.xsd
http://www.springframework.org/schema/beans http://www.springframework.org/schema/beans/spring-beans-current.xsd
http://www.mulesoft.org/schema/mule/core http://www.mulesoft.org/schema/mule/core/current/mule.xsd
http://www.mulesoft.org/schema/mule/sfdc http://www.mulesoft.org/schema/mule/sfdc/current/mule-sfdc.xsd
http://www.mulesoft.org/schema/mule/json http://www.mulesoft.org/schema/mule/json/current/mule-json.xsd
http://www.mulesoft.org/schema/mule/wd-staffing http://www.mulesoft.org/schema/mule/wd-staffing/current/mule-wd-staffing.xsd
http://www.mulesoft.org/schema/mule/ee/data-mapper http://www.mulesoft.org/schema/mule/ee/data-mapper/current/mule-data-mapper.xsd
http://www.mulesoft.org/schema/mule/wd-hr http://www.mulesoft.org/schema/mule/wd-hr/current/mule-wd-hr.xsd">
    <sfdc:config name="SalesforceTest" username="${sfdc.test.username}" password="${sfdc.test.password}" securityToken="${sfdc.test.securityToken}" doc:name="Salesforce"/>

	<data-mapper:config name="Pojo_To_ChangePreferredNameRequestType" transformationGraphPath="pojo_to_changepreferrednamerequesttype.grf" doc:name="Pojo_To_ChangePreferredNameRequestType"/>
    <wd-hr:config name="Workday_Human_Resource_Test" doc:name="Workday Human Resource" hrEndpoint="${wday.endpoint}" hrPassword="${wday.integration.password}" hrUser="${wday.integration.user}">
        <wd-hr:connection-pooling-profile initialisationPolicy="INITIALISE_ONE" exhaustedAction="WHEN_EXHAUSTED_GROW"/>
    </wd-hr:config>
    <sub-flow name="upsertUserInSalesforceFlow" doc:name="upsertUserInSalesforceFlow">
         <sfdc:upsert config-ref="SalesforceTest" externalIdFieldName="Id" type="User" doc:name="Upsert user in Salesforce">
             <sfdc:objects ref="#[payload]"/>
         </sfdc:upsert>
        <logger level="INFO" message="Update User in Salesforce result: #[payload]" doc:name="Logger"/>
    </sub-flow>
    <sub-flow name="queryUserFromSalesforceFlow" doc:name="queryUserFromSalesforceFlow">
        <sfdc:query-single config-ref="Salesforce" query="SELECT Id, Email, FirstName, LastName, Alias, Title, TimeZoneSidKey, LocaleSidKey, EmailEncodingKey, ProfileId, LanguageLocaleKey, CommunityNickname, ExtId__c FROM User WHERE Email = '#[payload['Email']]'" doc:name="Query user from Salesforce"/>
        <logger level="INFO" message="Query user from A result: #[payload]" doc:name="Logger"/>
    </sub-flow>
    <sub-flow name="deleteUserFromSalesforceFlow" doc:name="deleteUserFromSalesforceFlow">
        <sfdc:update config-ref="Salesforce" type="User" doc:name="Salesforce">
            <sfdc:objects ref="#[payload]"/>
        </sfdc:update>

    </sub-flow>
    
    <sub-flow name="queryWorkdayEmployeeFlow" doc:name="queryWorkdayEmployeeFlow">
        <wd-hr:get-workers config-ref="WorkdayHumanResource" doc:name="Workday Human Resource" workersRequest-ref="#[org.mule.templates.WorkersRequest.getWorker(payload)]"/>
    </sub-flow>
    
    <sub-flow name="updateWorkdayEmployee" doc:name="updateWorkdayEmployee">
        <data-mapper:transform config-ref="Pojo_To_ChangePreferredNameRequestType" doc:name="Pojo To ChangePreferredNameRequestType"/>
        <wd-hr:change-preferred-name config-ref="Workday_Human_Resource_Test" doc:name="Workday Human Resource"/>
    </sub-flow>

</mule>